<?xml version="1.0" encoding="UTF-8"?>
<testsuite xmlns:xsi="http://www.w3.org/2001/XMLSchema-instance" xsi:noNamespaceSchemaLocation="https://maven.apache.org/surefire/maven-surefire-plugin/xsd/surefire-test-report-3.0.xsd" version="3.0" name="com.uts.iotbay.model.dao.DBManagerTest" time="2.417" tests="21" errors="0" skipped="0" failures="0">
  <properties>
[...]
</properties>
  <testcase name="testUpdateUser" classname="com.uts.iotbay.model.dao.DBManagerTest" time="1.662"/>
  <testcase name="testCheckUser" classname="com.uts.iotbay.model.dao.DBManagerTest" time="0.046"/>
  <testcase name="testDeleteUser" classname="com.uts.iotbay.model.dao.DBManagerTest" time="0.036"/>
  <testcase name="testAddStaff" classname="com.uts.iotbay.model.dao.DBManagerTest" time="0.041"/>
  <testcase name="testGetUserByID" classname="com.uts.iotbay.model.dao.DBManagerTest" time="0.034"/>
  <testcase name="testGetUsers" classname="com.uts.iotbay.model.dao.DBManagerTest" time="0.039"/>
  <testcase name="testAddCustomer" classname="com.uts.iotbay.model.dao.DBManagerTest" time="0.028"/>
  <testcase name="testGetIdsEmailAndPhoneFilter" classname="com.uts.iotbay.model.dao.DBManagerTest" time="0.031"/>
  <testcase name="testCheckCustomerAsCustomer" classname="com.uts.iotbay.model.dao.DBManagerTest" time="0.028"/>
  <testcase name="testGetUserByEmailAndPassword" classname="com.uts.iotbay.model.dao.DBManagerTest" time="0.028"/>
  <testcase name="testGetUsersEmailAndPhoneFilter" classname="com.uts.iotbay.model.dao.DBManagerTest" time="0.033"/>
  <testcase name="testGetIds" classname="com.uts.iotbay.model.dao.DBManagerTest" time="0.034"/>
  <testcase name="testCheckStaffAsCustomer" classname="com.uts.iotbay.model.dao.DBManagerTest" time="0.03"/>
  <testcase name="testCheckStaffAsStaff" classname="com.uts.iotbay.model.dao.DBManagerTest" time="0.034"/>
  <testcase name="testGetUsersPhoneFilter" classname="com.uts.iotbay.model.dao.DBManagerTest" time="0.032"/>
  <testcase name="testCheckCustomerAsStaff" classname="com.uts.iotbay.model.dao.DBManagerTest" time="0.028"/>
  <testcase name="testGetIdsPhoneFilter" classname="com.uts.iotbay.model.dao.DBManagerTest" time="0.034"/>
  <testcase name="testAddCustomerDetails" classname="com.uts.iotbay.model.dao.DBManagerTest" time="0.025"/>
  <testcase name="testGetIdsEmailFilter" classname="com.uts.iotbay.model.dao.DBManagerTest" time="0.031"/>
  <testcase name="testGetUsersEmailFilter" classname="com.uts.iotbay.model.dao.DBManagerTest" time="0.036"/>
  <testcase name="testAddStaffDetails" classname="com.uts.iotbay.model.dao.DBManagerTest" time="0.03"/>
</testsuite>